I, [2020-06-15T12:27:21.895310 #91104]  INFO -- examples-simple-cluster-terraform: -----> Converging <examples-simple-cluster-terraform>...
W, [2020-06-15T12:27:21.895575 #91104]  WARN -- examples-simple-cluster-terraform: Verifying the Terraform client version is in the supported interval of >= 0.11.4, < 0.13.0...
W, [2020-06-15T12:27:21.895613 #91104]  WARN -- examples-simple-cluster-terraform: Reading the Terraform client version...
I, [2020-06-15T12:27:22.029808 #91104]  INFO -- examples-simple-cluster-terraform: Terraform v0.12.20
I, [2020-06-15T12:27:22.037612 #91104]  INFO -- examples-simple-cluster-terraform: 
I, [2020-06-15T12:27:22.037707 #91104]  INFO -- examples-simple-cluster-terraform: Your version of Terraform is out of date! The latest version
I, [2020-06-15T12:27:22.037734 #91104]  INFO -- examples-simple-cluster-terraform: is 0.12.26. You can update by downloading from https://www.terraform.io/downloads.html
W, [2020-06-15T12:27:22.050360 #91104]  WARN -- examples-simple-cluster-terraform: Finished reading the Terraform client version.
W, [2020-06-15T12:27:22.050772 #91104]  WARN -- examples-simple-cluster-terraform: Finished verifying the Terraform client version.
W, [2020-06-15T12:27:22.050897 #91104]  WARN -- examples-simple-cluster-terraform: Selecting the kitchen-terraform-examples-simple-cluster-terraform Terraform workspace...
W, [2020-06-15T12:27:22.123047 #91104]  WARN -- examples-simple-cluster-terraform: Finished selecting the kitchen-terraform-examples-simple-cluster-terraform Terraform workspace.
W, [2020-06-15T12:27:22.123452 #91104]  WARN -- examples-simple-cluster-terraform: Downloading the modules needed for the Terraform configuration...
W, [2020-06-15T12:27:22.179345 #91104]  WARN -- examples-simple-cluster-terraform: Finished downloading the modules needed for the Terraform configuration.
W, [2020-06-15T12:27:22.179483 #91104]  WARN -- examples-simple-cluster-terraform: Validating the Terraform configuration files...
I, [2020-06-15T12:27:22.240847 #91104]  INFO -- examples-simple-cluster-terraform: [32m[1mSuccess![0m The configuration is valid.
I, [2020-06-15T12:27:22.240941 #91104]  INFO -- examples-simple-cluster-terraform: [0m
W, [2020-06-15T12:27:22.253632 #91104]  WARN -- examples-simple-cluster-terraform: Finished validating the Terraform configuration files.
W, [2020-06-15T12:27:22.253768 #91104]  WARN -- examples-simple-cluster-terraform: Building the infrastructure based on the Terraform configuration...
I, [2020-06-15T12:27:22.312882 #91104]  INFO -- examples-simple-cluster-terraform: [31m
I, [2020-06-15T12:27:22.313060 #91104]  INFO -- examples-simple-cluster-terraform: [1m[31mError: [0m[0m[1mNo configuration files[0m
I, [2020-06-15T12:27:22.313090 #91104]  INFO -- examples-simple-cluster-terraform: 
I, [2020-06-15T12:27:22.313119 #91104]  INFO -- examples-simple-cluster-terraform: [0mApply requires configuration to be present. Applying without a configuration
I, [2020-06-15T12:27:22.313142 #91104]  INFO -- examples-simple-cluster-terraform: would mark everything for destruction, which is normally not what is desired.
I, [2020-06-15T12:27:22.313178 #91104]  INFO -- examples-simple-cluster-terraform: If you would like to destroy everything, run 'terraform destroy' instead.
I, [2020-06-15T12:27:22.313203 #91104]  INFO -- examples-simple-cluster-terraform: [0m[0m
E, [2020-06-15T12:27:22.328070 #91104] ERROR -- examples-simple-cluster-terraform: Running the command `terraform apply -auto-approve -lock=true -lock-timeout=0s -input=false  -parallelism=4 -refresh=true  ` failed due to a non-zero exit code of 1.
E, [2020-06-15T12:27:22.328330 #91104] ERROR -- examples-simple-cluster-terraform: Converge failed on instance <examples-simple-cluster-terraform>.
E, [2020-06-15T12:27:22.328560 #91104] ERROR -- examples-simple-cluster-terraform: ------Exception-------
E, [2020-06-15T12:27:22.328613 #91104] ERROR -- examples-simple-cluster-terraform: Class: Kitchen::ActionFailed
E, [2020-06-15T12:27:22.328645 #91104] ERROR -- examples-simple-cluster-terraform: Message: Running the command `terraform apply -auto-approve -lock=true -lock-timeout=0s -input=false  -parallelism=4 -refresh=true  ` failed due to a non-zero exit code of 1.
E, [2020-06-15T12:27:22.328724 #91104] ERROR -- examples-simple-cluster-terraform: ----------------------
E, [2020-06-15T12:27:22.328753 #91104] ERROR -- examples-simple-cluster-terraform: ------Backtrace-------
E, [2020-06-15T12:27:22.328780 #91104] ERROR -- examples-simple-cluster-terraform: /Library/Ruby/Gems/2.6.0/gems/kitchen-terraform-5.4.0/lib/kitchen/terraform/raise/action_failed.rb:32:in `call'
E, [2020-06-15T12:27:22.328801 #91104] ERROR -- examples-simple-cluster-terraform: /Library/Ruby/Gems/2.6.0/gems/kitchen-terraform-5.4.0/lib/kitchen/provisioner/terraform.rb:85:in `rescue in call'
E, [2020-06-15T12:27:22.328826 #91104] ERROR -- examples-simple-cluster-terraform: /Library/Ruby/Gems/2.6.0/gems/kitchen-terraform-5.4.0/lib/kitchen/provisioner/terraform.rb:82:in `call'
E, [2020-06-15T12:27:22.328852 #91104] ERROR -- examples-simple-cluster-terraform: /Library/Ruby/Gems/2.6.0/gems/test-kitchen-2.5.2/lib/kitchen/instance.rb:409:in `block in converge_action'
E, [2020-06-15T12:27:22.328876 #91104] ERROR -- examples-simple-cluster-terraform: /Library/Ruby/Gems/2.6.0/gems/test-kitchen-2.5.2/lib/kitchen/instance.rb:549:in `block in synchronize_or_call'
E, [2020-06-15T12:27:22.328898 #91104] ERROR -- examples-simple-cluster-terraform: /Library/Ruby/Gems/2.6.0/gems/test-kitchen-2.5.2/lib/kitchen/instance.rb:547:in `synchronize'
E, [2020-06-15T12:27:22.328926 #91104] ERROR -- examples-simple-cluster-terraform: /Library/Ruby/Gems/2.6.0/gems/test-kitchen-2.5.2/lib/kitchen/instance.rb:547:in `synchronize_or_call'
E, [2020-06-15T12:27:22.328946 #91104] ERROR -- examples-simple-cluster-terraform: /Library/Ruby/Gems/2.6.0/gems/test-kitchen-2.5.2/lib/kitchen/instance.rb:514:in `block in action'
E, [2020-06-15T12:27:22.328972 #91104] ERROR -- examples-simple-cluster-terraform: /System/Library/Frameworks/Ruby.framework/Versions/2.6/usr/lib/ruby/2.6.0/benchmark.rb:293:in `measure'
E, [2020-06-15T12:27:22.328994 #91104] ERROR -- examples-simple-cluster-terraform: /Library/Ruby/Gems/2.6.0/gems/test-kitchen-2.5.2/lib/kitchen/instance.rb:513:in `action'
E, [2020-06-15T12:27:22.329020 #91104] ERROR -- examples-simple-cluster-terraform: /Library/Ruby/Gems/2.6.0/gems/test-kitchen-2.5.2/lib/kitchen/instance.rb:404:in `converge_action'
E, [2020-06-15T12:27:22.329043 #91104] ERROR -- examples-simple-cluster-terraform: /Library/Ruby/Gems/2.6.0/gems/test-kitchen-2.5.2/lib/kitchen/instance.rb:382:in `block (2 levels) in transition_to'
E, [2020-06-15T12:27:22.329068 #91104] ERROR -- examples-simple-cluster-terraform: /Library/Ruby/Gems/2.6.0/gems/test-kitchen-2.5.2/lib/kitchen/lifecycle_hooks.rb:45:in `run_with_hooks'
E, [2020-06-15T12:27:22.329088 #91104] ERROR -- examples-simple-cluster-terraform: /Library/Ruby/Gems/2.6.0/gems/test-kitchen-2.5.2/lib/kitchen/instance.rb:381:in `block in transition_to'
E, [2020-06-15T12:27:22.329110 #91104] ERROR -- examples-simple-cluster-terraform: /Library/Ruby/Gems/2.6.0/gems/test-kitchen-2.5.2/lib/kitchen/instance.rb:380:in `each'
E, [2020-06-15T12:27:22.329133 #91104] ERROR -- examples-simple-cluster-terraform: /Library/Ruby/Gems/2.6.0/gems/test-kitchen-2.5.2/lib/kitchen/instance.rb:380:in `transition_to'
E, [2020-06-15T12:27:22.329155 #91104] ERROR -- examples-simple-cluster-terraform: /Library/Ruby/Gems/2.6.0/gems/test-kitchen-2.5.2/lib/kitchen/instance.rb:140:in `converge'
E, [2020-06-15T12:27:22.329178 #91104] ERROR -- examples-simple-cluster-terraform: /Library/Ruby/Gems/2.6.0/gems/test-kitchen-2.5.2/lib/kitchen/command.rb:198:in `public_send'
E, [2020-06-15T12:27:22.329200 #91104] ERROR -- examples-simple-cluster-terraform: /Library/Ruby/Gems/2.6.0/gems/test-kitchen-2.5.2/lib/kitchen/command.rb:198:in `run_action_in_thread'
E, [2020-06-15T12:27:22.329223 #91104] ERROR -- examples-simple-cluster-terraform: /Library/Ruby/Gems/2.6.0/gems/test-kitchen-2.5.2/lib/kitchen/command.rb:169:in `block (2 levels) in run_action'
E, [2020-06-15T12:27:22.329243 #91104] ERROR -- examples-simple-cluster-terraform: ----End Backtrace-----
E, [2020-06-15T12:27:22.329285 #91104] ERROR -- examples-simple-cluster-terraform: ---Nested Exception---
E, [2020-06-15T12:27:22.329309 #91104] ERROR -- examples-simple-cluster-terraform: Class: Kitchen::TransientFailure
E, [2020-06-15T12:27:22.329328 #91104] ERROR -- examples-simple-cluster-terraform: Message: Running the command `terraform apply -auto-approve -lock=true -lock-timeout=0s -input=false  -parallelism=4 -refresh=true  ` failed due to a non-zero exit code of 1.
E, [2020-06-15T12:27:22.329352 #91104] ERROR -- examples-simple-cluster-terraform: ----------------------
E, [2020-06-15T12:27:22.329375 #91104] ERROR -- examples-simple-cluster-terraform: ------Backtrace-------
E, [2020-06-15T12:27:22.329395 #91104] ERROR -- examples-simple-cluster-terraform: /Library/Ruby/Gems/2.6.0/gems/kitchen-terraform-5.4.0/lib/kitchen/terraform/raise/action_failed.rb:32:in `call'
E, [2020-06-15T12:27:22.329419 #91104] ERROR -- examples-simple-cluster-terraform: /Library/Ruby/Gems/2.6.0/gems/kitchen-terraform-5.4.0/lib/kitchen/provisioner/terraform.rb:85:in `rescue in call'
E, [2020-06-15T12:27:22.329439 #91104] ERROR -- examples-simple-cluster-terraform: /Library/Ruby/Gems/2.6.0/gems/kitchen-terraform-5.4.0/lib/kitchen/provisioner/terraform.rb:82:in `call'
E, [2020-06-15T12:27:22.329461 #91104] ERROR -- examples-simple-cluster-terraform: /Library/Ruby/Gems/2.6.0/gems/test-kitchen-2.5.2/lib/kitchen/instance.rb:409:in `block in converge_action'
E, [2020-06-15T12:27:22.329481 #91104] ERROR -- examples-simple-cluster-terraform: /Library/Ruby/Gems/2.6.0/gems/test-kitchen-2.5.2/lib/kitchen/instance.rb:549:in `block in synchronize_or_call'
E, [2020-06-15T12:27:22.329500 #91104] ERROR -- examples-simple-cluster-terraform: /Library/Ruby/Gems/2.6.0/gems/test-kitchen-2.5.2/lib/kitchen/instance.rb:547:in `synchronize'
E, [2020-06-15T12:27:22.329523 #91104] ERROR -- examples-simple-cluster-terraform: /Library/Ruby/Gems/2.6.0/gems/test-kitchen-2.5.2/lib/kitchen/instance.rb:547:in `synchronize_or_call'
E, [2020-06-15T12:27:22.329545 #91104] ERROR -- examples-simple-cluster-terraform: /Library/Ruby/Gems/2.6.0/gems/test-kitchen-2.5.2/lib/kitchen/instance.rb:514:in `block in action'
E, [2020-06-15T12:27:22.329572 #91104] ERROR -- examples-simple-cluster-terraform: /System/Library/Frameworks/Ruby.framework/Versions/2.6/usr/lib/ruby/2.6.0/benchmark.rb:293:in `measure'
E, [2020-06-15T12:27:22.329591 #91104] ERROR -- examples-simple-cluster-terraform: /Library/Ruby/Gems/2.6.0/gems/test-kitchen-2.5.2/lib/kitchen/instance.rb:513:in `action'
E, [2020-06-15T12:27:22.329611 #91104] ERROR -- examples-simple-cluster-terraform: /Library/Ruby/Gems/2.6.0/gems/test-kitchen-2.5.2/lib/kitchen/instance.rb:404:in `converge_action'
E, [2020-06-15T12:27:22.329630 #91104] ERROR -- examples-simple-cluster-terraform: /Library/Ruby/Gems/2.6.0/gems/test-kitchen-2.5.2/lib/kitchen/instance.rb:382:in `block (2 levels) in transition_to'
E, [2020-06-15T12:27:22.329650 #91104] ERROR -- examples-simple-cluster-terraform: /Library/Ruby/Gems/2.6.0/gems/test-kitchen-2.5.2/lib/kitchen/lifecycle_hooks.rb:45:in `run_with_hooks'
E, [2020-06-15T12:27:22.329669 #91104] ERROR -- examples-simple-cluster-terraform: /Library/Ruby/Gems/2.6.0/gems/test-kitchen-2.5.2/lib/kitchen/instance.rb:381:in `block in transition_to'
E, [2020-06-15T12:27:22.329692 #91104] ERROR -- examples-simple-cluster-terraform: /Library/Ruby/Gems/2.6.0/gems/test-kitchen-2.5.2/lib/kitchen/instance.rb:380:in `each'
E, [2020-06-15T12:27:22.329714 #91104] ERROR -- examples-simple-cluster-terraform: /Library/Ruby/Gems/2.6.0/gems/test-kitchen-2.5.2/lib/kitchen/instance.rb:380:in `transition_to'
E, [2020-06-15T12:27:22.329736 #91104] ERROR -- examples-simple-cluster-terraform: /Library/Ruby/Gems/2.6.0/gems/test-kitchen-2.5.2/lib/kitchen/instance.rb:140:in `converge'
E, [2020-06-15T12:27:22.329759 #91104] ERROR -- examples-simple-cluster-terraform: /Library/Ruby/Gems/2.6.0/gems/test-kitchen-2.5.2/lib/kitchen/command.rb:198:in `public_send'
E, [2020-06-15T12:27:22.329778 #91104] ERROR -- examples-simple-cluster-terraform: /Library/Ruby/Gems/2.6.0/gems/test-kitchen-2.5.2/lib/kitchen/command.rb:198:in `run_action_in_thread'
E, [2020-06-15T12:27:22.329813 #91104] ERROR -- examples-simple-cluster-terraform: /Library/Ruby/Gems/2.6.0/gems/test-kitchen-2.5.2/lib/kitchen/command.rb:169:in `block (2 levels) in run_action'
E, [2020-06-15T12:27:22.329837 #91104] ERROR -- examples-simple-cluster-terraform: ----End Backtrace-----
